<?xml version="1.0" encoding="UTF-8"?>
<!-- Generated by org.testng.reporters.JUnitXMLReporter -->
<testsuite ignored="0" hostname="QAShared.local" failures="1" tests="13" name="Default test" time="5.772" errors="0" timestamp="16 Apr 2019 18:47:17 GMT">
  <testcase classname="myoutdoor.qa.sanity.myoutdoor.qa.sanity.mathu.TC_01" name="ForgotPassword" time="0.005"/>
  <testcase classname="myoutdoor.qa.sanity.myoutdoor.qa.sanity.mathu.TC_01" name="History" time="0.001"/>
  <testcase classname="myoutdoor.qa.sanity.myoutdoor.qa.sanity.mathu.TC_01" name="LoginSearch" time="0.001"/>
  <testcase classname="myoutdoor.qa.sanity.myoutdoor.qa.sanity.mathu.TC_01" name="LoginValidateLinks" time="0.001"/>
  <testcase classname="myoutdoor.qa.sanity.myoutdoor.qa.sanity.mathu.TC_01" name="Loginfooter" time="0.001"/>
  <testcase classname="myoutdoor.qa.sanity.myoutdoor.qa.sanity.mathu.TC_01" name="Playvideo" time="0.001"/>
  <testcase classname="myoutdoor.qa.sanity.myoutdoor.qa.sanity.mathu.TC_01" name="SigupWithSub" time="0.001"/>
  <testcase classname="myoutdoor.qa.sanity.myoutdoor.qa.sanity.mathu.TC_01" name="SigupWithoutSub" time="0.001">
    <failure type="java.lang.NullPointerException">
      <![CDATA[java.lang.NullPointerException
at myoutdoor.qa.sanity.myoutdoor.qa.sanity.mathu.TC_01.SigupWithoutSub(TC_01.java:27)
at java.base/jdk.internal.reflect.NativeMethodAccessorImpl.invoke0(Native Method)
at java.base/jdk.internal.reflect.NativeMethodAccessorImpl.invoke(NativeMethodAccessorImpl.java:62)
at java.base/jdk.internal.reflect.DelegatingMethodAccessorImpl.invoke(DelegatingMethodAccessorImpl.java:43)
at java.base/java.lang.reflect.Method.invoke(Method.java:566)
at org.testng.internal.MethodInvocationHelper.invokeMethod(MethodInvocationHelper.java:124)
at org.testng.internal.Invoker.invokeMethod(Invoker.java:583)
at org.testng.internal.Invoker.invokeTestMethod(Invoker.java:719)
at org.testng.internal.Invoker.invokeTestMethods(Invoker.java:989)
at org.testng.internal.TestMethodWorker.invokeTestMethods(TestMethodWorker.java:125)
at org.testng.internal.TestMethodWorker.run(TestMethodWorker.java:109)
at org.testng.TestRunner.privateRun(TestRunner.java:648)
at org.testng.TestRunner.run(TestRunner.java:505)
at org.testng.SuiteRunner.runTest(SuiteRunner.java:455)
at org.testng.SuiteRunner.runSequentially(SuiteRunner.java:450)
at org.testng.SuiteRunner.privateRun(SuiteRunner.java:415)
at org.testng.SuiteRunner.run(SuiteRunner.java:364)
at org.testng.SuiteRunnerWorker.runSuite(SuiteRunnerWorker.java:52)
at org.testng.SuiteRunnerWorker.run(SuiteRunnerWorker.java:84)
at org.testng.TestNG.runSuitesSequentially(TestNG.java:1208)
at org.testng.TestNG.runSuitesLocally(TestNG.java:1137)
at org.testng.TestNG.runSuites(TestNG.java:1049)
at org.testng.TestNG.run(TestNG.java:1017)
at org.testng.remote.AbstractRemoteTestNG.run(AbstractRemoteTestNG.java:115)
at org.testng.remote.RemoteTestNG.initAndRun(RemoteTestNG.java:251)
at org.testng.remote.RemoteTestNG.main(RemoteTestNG.java:77)
]]>
    </failure>
  </testcase> <!-- SigupWithoutSub -->
  <testcase classname="myoutdoor.qa.sanity.myoutdoor.qa.sanity.mathu.TC_01" name="Watchlist" time="0.001"/>
  <testcase classname="myoutdoor.qa.sanity.myoutdoor.qa.sanity.mathu.TC_01" name="WithoutLoginSearch" time="0.001"/>
  <testcase classname="myoutdoor.qa.sanity.myoutdoor.qa.sanity.mathu.TC_01" name="WithoutLoginValidateLinks" time="0.001"/>
  <testcase classname="myoutdoor.qa.sanity.myoutdoor.qa.sanity.mathu.TC_01" name="WithoutLoginfooter" time="0.0"/>
  <testcase classname="myoutdoor.qa.sanity.myoutdoor.qa.sanity.mathu.TC_01" name="language" time="0.0"/>
</testsuite> <!-- Default test -->
