<?xml version="1.0" encoding="UTF-8"?>
<testng-results ignored="0" total="1" passed="1" failed="0" skipped="0">
  <reporter-output>
  </reporter-output>
  <suite started-at="2019-07-17T21:41:03Z" name="Default suite" finished-at="2019-07-17T21:41:19Z" duration-ms="16487">
    <groups>
    </groups>
    <test started-at="2019-07-17T21:41:03Z" name="Default test" finished-at="2019-07-17T21:41:19Z" duration-ms="16487">
      <class name="mathu.motv.CW.TestScripts">
        <test-method signature="Hoichoi()[pri:1, instance:mathu.motv.CW.TestScripts@58a9760d]" started-at="2019-07-17T21:41:03Z" name="Hoichoi" finished-at="2019-07-17T21:41:19Z" duration-ms="16469" status="PASS">
          <reporter-output>
          </reporter-output>
        </test-method> <!-- Hoichoi -->
      </class> <!-- mathu.motv.CW.TestScripts -->
    </test> <!-- Default test -->
  </suite> <!-- Default suite -->
</testng-results>
