<?xml version="1.0" encoding="UTF-8"?>
<testng-results ignored="0" total="2" passed="2" failed="0" skipped="0">
  <reporter-output>
  </reporter-output>
  <suite started-at="2019-05-06T16:24:59Z" name="Default suite" finished-at="2019-05-06T16:25:06Z" duration-ms="6868">
    <groups>
    </groups>
    <test started-at="2019-05-06T16:24:59Z" name="Default test" finished-at="2019-05-06T16:25:06Z" duration-ms="6868">
      <class name="com.practice.com.practice.breakloop">
        <test-method signature="driver()[pri:0, instance:com.practice.com.practice.breakloop@710f4dc7]" started-at="2019-05-06T16:24:59Z" name="driver" finished-at="2019-05-06T16:25:06Z" duration-ms="6846" status="PASS">
          <reporter-output>
          </reporter-output>
        </test-method> <!-- driver -->
        <test-method signature="login()[pri:0, instance:com.practice.com.practice.breakloop@710f4dc7]" started-at="2019-05-06T16:25:06Z" name="login" finished-at="2019-05-06T16:25:06Z" duration-ms="2" status="PASS">
          <reporter-output>
          </reporter-output>
        </test-method> <!-- login -->
      </class> <!-- com.practice.com.practice.breakloop -->
    </test> <!-- Default test -->
  </suite> <!-- Default suite -->
</testng-results>
