<?xml version="1.0" encoding="UTF-8"?>
<testng-results ignored="0" total="1" passed="1" failed="0" skipped="0">
  <reporter-output>
  </reporter-output>
  <suite started-at="2019-05-15T17:13:41Z" name="Default suite" finished-at="2019-05-15T17:13:50Z" duration-ms="8272">
    <groups>
    </groups>
    <test started-at="2019-05-15T17:13:41Z" name="Default test" finished-at="2019-05-15T17:13:50Z" duration-ms="8272">
      <class name="com.practice.com.practice.MSE_IDE">
        <test-method signature="ourteams()[pri:0, instance:com.practice.com.practice.MSE_IDE@2925bf5b]" started-at="2019-05-15T17:13:41Z" name="ourteams" finished-at="2019-05-15T17:13:50Z" duration-ms="8253" status="PASS">
          <reporter-output>
          </reporter-output>
        </test-method> <!-- ourteams -->
      </class> <!-- com.practice.com.practice.MSE_IDE -->
    </test> <!-- Default test -->
  </suite> <!-- Default suite -->
</testng-results>
