<?xml version="1.0" encoding="UTF-8"?>
<!-- Generated by org.testng.reporters.JUnitXMLReporter -->
<testsuite ignored="0" hostname="QAShared.local" failures="3" tests="3" name="MOTV" time="0.043" errors="0" timestamp="17 Jul 2019 16:11:47 GMT">
  <testcase classname="mathu.motv.CW.TestScripts" name="Hoichoi" time="0.008">
    <failure type="java.lang.NullPointerException">
      <![CDATA[java.lang.NullPointerException
at mathu.motv.CW.POM.LoginS(POM.java:83)
at mathu.motv.CW.TestScripts.Hoichoi(TestScripts.java:12)
at java.base/java.util.concurrent.ThreadPoolExecutor.runWorker(ThreadPoolExecutor.java:1128)
at java.base/java.util.concurrent.ThreadPoolExecutor$Worker.run(ThreadPoolExecutor.java:628)
at java.base/java.lang.Thread.run(Thread.java:834)
... Removed 10 stack frames]]>
    </failure>
  </testcase> <!-- Hoichoi -->
  <testcase classname="mathu.motv.CW.TestScripts" name="MOTV" time="0.001">
    <failure type="java.lang.NullPointerException">
      <![CDATA[java.lang.NullPointerException
at mathu.motv.CW.POM.LoginS(POM.java:83)
at mathu.motv.CW.TestScripts.MOTV(TestScripts.java:19)
at java.base/java.util.concurrent.ThreadPoolExecutor.runWorker(ThreadPoolExecutor.java:1128)
at java.base/java.util.concurrent.ThreadPoolExecutor$Worker.run(ThreadPoolExecutor.java:628)
at java.base/java.lang.Thread.run(Thread.java:834)
... Removed 10 stack frames]]>
    </failure>
  </testcase> <!-- MOTV -->
  <testcase classname="mathu.motv.CW.TestScripts" name="MovieSpree" time="0.001">
    <failure type="java.lang.NullPointerException">
      <![CDATA[java.lang.NullPointerException
at mathu.motv.CW.POM.LoginS(POM.java:83)
at mathu.motv.CW.TestScripts.MovieSpree(TestScripts.java:26)
at java.base/java.util.concurrent.ThreadPoolExecutor.runWorker(ThreadPoolExecutor.java:1128)
at java.base/java.util.concurrent.ThreadPoolExecutor$Worker.run(ThreadPoolExecutor.java:628)
at java.base/java.lang.Thread.run(Thread.java:834)
... Removed 10 stack frames]]>
    </failure>
  </testcase> <!-- MovieSpree -->
</testsuite> <!-- MOTV -->
