<?xml version="1.0" encoding="UTF-8"?>
<!-- Generated by org.testng.reporters.JUnitXMLReporter -->
<testsuite ignored="0" hostname="QAShared.local" failures="2" tests="2" name="Test" time="0.032" errors="0" timestamp="17 Jul 2019 15:35:57 GMT">
  <testcase classname="mathu.motv.CW.TestScripts" name="Hoichoi" time="0.01">
    <failure type="java.lang.NullPointerException">
      <![CDATA[java.lang.NullPointerException
at mathu.motv.CW.POM.LoginS(POM.java:82)
at mathu.motv.CW.TestScripts.Hoichoi(TestScripts.java:11)
at java.base/java.util.concurrent.FutureTask.run(FutureTask.java:264)
at java.base/java.util.concurrent.ThreadPoolExecutor.runWorker(ThreadPoolExecutor.java:1128)
at java.base/java.util.concurrent.ThreadPoolExecutor$Worker.run(ThreadPoolExecutor.java:628)
at java.base/java.lang.Thread.run(Thread.java:834)
... Removed 16 stack frames]]>
    </failure>
  </testcase> <!-- Hoichoi -->
  <testcase classname="mathu.motv.CW.TestScripts" name="MOTV" time="0.001">
    <failure type="java.lang.NullPointerException">
      <![CDATA[java.lang.NullPointerException
at mathu.motv.CW.POM.LoginS(POM.java:82)
at mathu.motv.CW.TestScripts.MOTV(TestScripts.java:18)
at java.base/java.util.concurrent.FutureTask.run(FutureTask.java:264)
at java.base/java.util.concurrent.ThreadPoolExecutor.runWorker(ThreadPoolExecutor.java:1128)
at java.base/java.util.concurrent.ThreadPoolExecutor$Worker.run(ThreadPoolExecutor.java:628)
at java.base/java.lang.Thread.run(Thread.java:834)
... Removed 16 stack frames]]>
    </failure>
  </testcase> <!-- MOTV -->
</testsuite> <!-- Test -->
