<?xml version="1.0" encoding="UTF-8"?>
<!-- Generated by org.testng.reporters.JUnitXMLReporter -->
<testsuite ignored="0" hostname="QAShared.local" failures="0" tests="13" name="Default test" time="248.443" errors="0" timestamp="22 Jul 2019 21:13:35 GMT">
  <testcase classname="mathu.motv.CW.TestScripts" name="AFA" time="13.754"/>
  <testcase classname="mathu.motv.CW.TestScripts" name="AFL" time="13.18"/>
  <testcase classname="mathu.motv.CW.TestScripts" name="BeatTV" time="12.176"/>
  <testcase classname="mathu.motv.CW.TestScripts" name="HereTV" time="39.975"/>
  <testcase classname="mathu.motv.CW.TestScripts" name="Hoichoi" time="44.272"/>
  <testcase classname="mathu.motv.CW.TestScripts" name="Kronon" time="11.823"/>
  <testcase classname="mathu.motv.CW.TestScripts" name="LSN" time="17.362"/>
  <testcase classname="mathu.motv.CW.TestScripts" name="MOTV" time="17.644"/>
  <testcase classname="mathu.motv.CW.TestScripts" name="MSE" time="16.617"/>
  <testcase classname="mathu.motv.CW.TestScripts" name="MotoAmerica" time="12.053"/>
  <testcase classname="mathu.motv.CW.TestScripts" name="MovieSpree" time="20.524"/>
  <testcase classname="mathu.motv.CW.TestScripts" name="Pll" time="13.006"/>
  <testcase classname="mathu.motv.CW.TestScripts" name="TB" time="16.021"/>
</testsuite> <!-- Default test -->
