<?xml version="1.0" encoding="UTF-8"?>
<testng-results ignored="0" total="13" passed="12" failed="1" skipped="0">
  <reporter-output>
  </reporter-output>
  <suite started-at="2019-04-16T18:47:12Z" name="Default suite" finished-at="2019-04-16T18:47:17Z" duration-ms="5772">
    <groups>
    </groups>
    <test started-at="2019-04-16T18:47:12Z" name="Default test" finished-at="2019-04-16T18:47:17Z" duration-ms="5772">
      <class name="myoutdoor.qa.sanity.myoutdoor.qa.sanity.mathu.TC_01">
        <test-method is-config="true" signature="beforeTest()[pri:0, instance:myoutdoor.qa.sanity.myoutdoor.qa.sanity.mathu.TC_01@587e5365]" started-at="2019-04-16T18:47:12Z" name="beforeTest" finished-at="2019-04-16T18:47:17Z" duration-ms="5730" status="PASS">
          <reporter-output>
          </reporter-output>
        </test-method> <!-- beforeTest -->
        <test-method signature="ForgotPassword()[pri:0, instance:myoutdoor.qa.sanity.myoutdoor.qa.sanity.mathu.TC_01@587e5365]" started-at="2019-04-16T18:47:17Z" name="ForgotPassword" finished-at="2019-04-16T18:47:17Z" duration-ms="5" status="PASS">
          <reporter-output>
          </reporter-output>
        </test-method> <!-- ForgotPassword -->
        <test-method signature="History()[pri:0, instance:myoutdoor.qa.sanity.myoutdoor.qa.sanity.mathu.TC_01@587e5365]" started-at="2019-04-16T18:47:17Z" name="History" finished-at="2019-04-16T18:47:17Z" duration-ms="1" status="PASS">
          <reporter-output>
          </reporter-output>
        </test-method> <!-- History -->
        <test-method signature="LoginSearch()[pri:0, instance:myoutdoor.qa.sanity.myoutdoor.qa.sanity.mathu.TC_01@587e5365]" started-at="2019-04-16T18:47:17Z" name="LoginSearch" finished-at="2019-04-16T18:47:17Z" duration-ms="1" status="PASS">
          <reporter-output>
          </reporter-output>
        </test-method> <!-- LoginSearch -->
        <test-method signature="LoginValidateLinks()[pri:0, instance:myoutdoor.qa.sanity.myoutdoor.qa.sanity.mathu.TC_01@587e5365]" started-at="2019-04-16T18:47:17Z" name="LoginValidateLinks" finished-at="2019-04-16T18:47:17Z" duration-ms="1" status="PASS">
          <reporter-output>
          </reporter-output>
        </test-method> <!-- LoginValidateLinks -->
        <test-method signature="Loginfooter()[pri:0, instance:myoutdoor.qa.sanity.myoutdoor.qa.sanity.mathu.TC_01@587e5365]" started-at="2019-04-16T18:47:17Z" name="Loginfooter" finished-at="2019-04-16T18:47:17Z" duration-ms="1" status="PASS">
          <reporter-output>
          </reporter-output>
        </test-method> <!-- Loginfooter -->
        <test-method signature="Playvideo()[pri:0, instance:myoutdoor.qa.sanity.myoutdoor.qa.sanity.mathu.TC_01@587e5365]" started-at="2019-04-16T18:47:17Z" name="Playvideo" finished-at="2019-04-16T18:47:17Z" duration-ms="1" status="PASS">
          <reporter-output>
          </reporter-output>
        </test-method> <!-- Playvideo -->
        <test-method signature="SigupWithSub()[pri:0, instance:myoutdoor.qa.sanity.myoutdoor.qa.sanity.mathu.TC_01@587e5365]" started-at="2019-04-16T18:47:17Z" name="SigupWithSub" finished-at="2019-04-16T18:47:17Z" duration-ms="1" status="PASS">
          <reporter-output>
          </reporter-output>
        </test-method> <!-- SigupWithSub -->
        <test-method signature="SigupWithoutSub()[pri:0, instance:myoutdoor.qa.sanity.myoutdoor.qa.sanity.mathu.TC_01@587e5365]" started-at="2019-04-16T18:47:17Z" name="SigupWithoutSub" finished-at="2019-04-16T18:47:17Z" duration-ms="1" status="FAIL">
          <exception class="java.lang.NullPointerException">
            <full-stacktrace>
              <![CDATA[java.lang.NullPointerException
at myoutdoor.qa.sanity.myoutdoor.qa.sanity.mathu.TC_01.SigupWithoutSub(TC_01.java:27)
at java.base/jdk.internal.reflect.NativeMethodAccessorImpl.invoke0(Native Method)
at java.base/jdk.internal.reflect.NativeMethodAccessorImpl.invoke(NativeMethodAccessorImpl.java:62)
at java.base/jdk.internal.reflect.DelegatingMethodAccessorImpl.invoke(DelegatingMethodAccessorImpl.java:43)
at java.base/java.lang.reflect.Method.invoke(Method.java:566)
at org.testng.internal.MethodInvocationHelper.invokeMethod(MethodInvocationHelper.java:124)
at org.testng.internal.Invoker.invokeMethod(Invoker.java:583)
at org.testng.internal.Invoker.invokeTestMethod(Invoker.java:719)
at org.testng.internal.Invoker.invokeTestMethods(Invoker.java:989)
at org.testng.internal.TestMethodWorker.invokeTestMethods(TestMethodWorker.java:125)
at org.testng.internal.TestMethodWorker.run(TestMethodWorker.java:109)
at org.testng.TestRunner.privateRun(TestRunner.java:648)
at org.testng.TestRunner.run(TestRunner.java:505)
at org.testng.SuiteRunner.runTest(SuiteRunner.java:455)
at org.testng.SuiteRunner.runSequentially(SuiteRunner.java:450)
at org.testng.SuiteRunner.privateRun(SuiteRunner.java:415)
at org.testng.SuiteRunner.run(SuiteRunner.java:364)
at org.testng.SuiteRunnerWorker.runSuite(SuiteRunnerWorker.java:52)
at org.testng.SuiteRunnerWorker.run(SuiteRunnerWorker.java:84)
at org.testng.TestNG.runSuitesSequentially(TestNG.java:1208)
at org.testng.TestNG.runSuitesLocally(TestNG.java:1137)
at org.testng.TestNG.runSuites(TestNG.java:1049)
at org.testng.TestNG.run(TestNG.java:1017)
at org.testng.remote.AbstractRemoteTestNG.run(AbstractRemoteTestNG.java:115)
at org.testng.remote.RemoteTestNG.initAndRun(RemoteTestNG.java:251)
at org.testng.remote.RemoteTestNG.main(RemoteTestNG.java:77)
]]>
            </full-stacktrace>
          </exception> <!-- java.lang.NullPointerException -->
          <reporter-output>
          </reporter-output>
        </test-method> <!-- SigupWithoutSub -->
        <test-method signature="Watchlist()[pri:0, instance:myoutdoor.qa.sanity.myoutdoor.qa.sanity.mathu.TC_01@587e5365]" started-at="2019-04-16T18:47:17Z" name="Watchlist" finished-at="2019-04-16T18:47:17Z" duration-ms="1" status="PASS">
          <reporter-output>
          </reporter-output>
        </test-method> <!-- Watchlist -->
        <test-method signature="WithoutLoginSearch()[pri:0, instance:myoutdoor.qa.sanity.myoutdoor.qa.sanity.mathu.TC_01@587e5365]" started-at="2019-04-16T18:47:17Z" name="WithoutLoginSearch" finished-at="2019-04-16T18:47:17Z" duration-ms="1" status="PASS">
          <reporter-output>
          </reporter-output>
        </test-method> <!-- WithoutLoginSearch -->
        <test-method signature="WithoutLoginValidateLinks()[pri:0, instance:myoutdoor.qa.sanity.myoutdoor.qa.sanity.mathu.TC_01@587e5365]" started-at="2019-04-16T18:47:17Z" name="WithoutLoginValidateLinks" finished-at="2019-04-16T18:47:17Z" duration-ms="1" status="PASS">
          <reporter-output>
          </reporter-output>
        </test-method> <!-- WithoutLoginValidateLinks -->
        <test-method signature="WithoutLoginfooter()[pri:0, instance:myoutdoor.qa.sanity.myoutdoor.qa.sanity.mathu.TC_01@587e5365]" started-at="2019-04-16T18:47:17Z" name="WithoutLoginfooter" finished-at="2019-04-16T18:47:17Z" duration-ms="0" status="PASS">
          <reporter-output>
          </reporter-output>
        </test-method> <!-- WithoutLoginfooter -->
        <test-method signature="language()[pri:0, instance:myoutdoor.qa.sanity.myoutdoor.qa.sanity.mathu.TC_01@587e5365]" started-at="2019-04-16T18:47:17Z" name="language" finished-at="2019-04-16T18:47:17Z" duration-ms="0" status="PASS">
          <reporter-output>
          </reporter-output>
        </test-method> <!-- language -->
        <test-method is-config="true" signature="afterTest()[pri:0, instance:myoutdoor.qa.sanity.myoutdoor.qa.sanity.mathu.TC_01@587e5365]" started-at="2019-04-16T18:47:17Z" name="afterTest" finished-at="2019-04-16T18:47:17Z" duration-ms="1" status="PASS">
          <reporter-output>
          </reporter-output>
        </test-method> <!-- afterTest -->
      </class> <!-- myoutdoor.qa.sanity.myoutdoor.qa.sanity.mathu.TC_01 -->
    </test> <!-- Default test -->
  </suite> <!-- Default suite -->
</testng-results>
